<?xml version="1.0" encoding="UTF-8"?>
<!-- Generated by org.testng.reporters.JUnitReportReporter -->
<testsuite hostname="MSI" failures="0" tests="1" name="MobileTesting.Appium" time="9.572" errors="0" timestamp="2025-03-11T13:12:17 IST" skipped="0">
  <testcase classname="MobileTesting.Appium" name="AppiumTest" time="9.572"/>
</testsuite> <!-- MobileTesting.Appium -->
